Performing C++ SOURCE FILE Test CMAKE_HAVE_LIBC_PTHREAD failed with the following output:
Change Dir: /home/dancoeks/Kuliah/DSEC/Tugas Akhir/build/CMakeFiles/CMakeTmp

Run Build Command(s):/usr/bin/make cmTC_772b0/fast && make[1]: Entering directory '/home/dancoeks/Kuliah/DSEC/Tugas Akhir/build/CMakeFiles/CMakeTmp'
/usr/bin/make -f CMakeFiles/cmTC_772b0.dir/build.make CMakeFiles/cmTC_772b0.dir/build
make[2]: Entering directory '/home/dancoeks/Kuliah/DSEC/Tugas Akhir/build/CMakeFiles/CMakeTmp'
Building CXX object CMakeFiles/cmTC_772b0.dir/src.cxx.o
/usr/bin/c++    -DCMAKE_HAVE_LIBC_PTHREAD   -o CMakeFiles/cmTC_772b0.dir/src.cxx.o -c "/home/dancoeks/Kuliah/DSEC/Tugas Akhir/build/CMakeFiles/CMakeTmp/src.cxx"
Linking CXX executable cmTC_772b0
/usr/bin/cmake -E cmake_link_script CMakeFiles/cmTC_772b0.dir/link.txt --verbose=1
/usr/bin/c++   -DCMAKE_HAVE_LIBC_PTHREAD    CMakeFiles/cmTC_772b0.dir/src.cxx.o  -o cmTC_772b0 
/usr/bin/ld: CMakeFiles/cmTC_772b0.dir/src.cxx.o: in function `main':
src.cxx:(.text+0x46): undefined reference to `pthread_create'
/usr/bin/ld: src.cxx:(.text+0x52): undefined reference to `pthread_detach'
/usr/bin/ld: src.cxx:(.text+0x63): undefined reference to `pthread_join'
collect2: error: ld returned 1 exit status
make[2]: *** [CMakeFiles/cmTC_772b0.dir/build.make:87: cmTC_772b0] Error 1
make[2]: Leaving directory '/home/dancoeks/Kuliah/DSEC/Tugas Akhir/build/CMakeFiles/CMakeTmp'
make[1]: *** [Makefile:121: cmTC_772b0/fast] Error 2
make[1]: Leaving directory '/home/dancoeks/Kuliah/DSEC/Tugas Akhir/build/CMakeFiles/CMakeTmp'


Source file was:
#include <pthread.h>

void* test_func(void* data)
{
  return data;
}

int main(void)
{
  pthread_t thread;
  pthread_create(&thread, NULL, test_func, NULL);
  pthread_detach(thread);
  pthread_join(thread, NULL);
  pthread_atfork(NULL, NULL, NULL);
  pthread_exit(NULL);

  return 0;
}

Determining if the function pthread_create exists in the pthreads failed with the following output:
Change Dir: /home/dancoeks/Kuliah/DSEC/Tugas Akhir/build/CMakeFiles/CMakeTmp

Run Build Command(s):/usr/bin/make cmTC_46977/fast && make[1]: Entering directory '/home/dancoeks/Kuliah/DSEC/Tugas Akhir/build/CMakeFiles/CMakeTmp'
/usr/bin/make -f CMakeFiles/cmTC_46977.dir/build.make CMakeFiles/cmTC_46977.dir/build
make[2]: Entering directory '/home/dancoeks/Kuliah/DSEC/Tugas Akhir/build/CMakeFiles/CMakeTmp'
Building CXX object CMakeFiles/cmTC_46977.dir/CheckFunctionExists.cxx.o
/usr/bin/c++    -DCHECK_FUNCTION_EXISTS=pthread_create   -o CMakeFiles/cmTC_46977.dir/CheckFunctionExists.cxx.o -c "/home/dancoeks/Kuliah/DSEC/Tugas Akhir/build/CMakeFiles/CheckLibraryExists/CheckFunctionExists.cxx"
Linking CXX executable cmTC_46977
/usr/bin/cmake -E cmake_link_script CMakeFiles/cmTC_46977.dir/link.txt --verbose=1
/usr/bin/c++   -DCHECK_FUNCTION_EXISTS=pthread_create    CMakeFiles/cmTC_46977.dir/CheckFunctionExists.cxx.o  -o cmTC_46977  -lpthreads 
/usr/bin/ld: cannot find -lpthreads
collect2: error: ld returned 1 exit status
make[2]: *** [CMakeFiles/cmTC_46977.dir/build.make:87: cmTC_46977] Error 1
make[2]: Leaving directory '/home/dancoeks/Kuliah/DSEC/Tugas Akhir/build/CMakeFiles/CMakeTmp'
make[1]: *** [Makefile:121: cmTC_46977/fast] Error 2
make[1]: Leaving directory '/home/dancoeks/Kuliah/DSEC/Tugas Akhir/build/CMakeFiles/CMakeTmp'



